<?xml version="1.0" encoding="UTF-8"?>
<testsuites name="Mocha Tests" time="0.0000" tests="0" failures="1">
  <testsuite name="Root Suite" timestamp="2022-12-26T16:49:45" tests="0" time="0.0000" failures="1">
    <testcase name="&quot;before all&quot; hook" time="0.0000" classname="&quot;before all&quot; hook">
      <failure message="Cannot read properties of undefined (reading &apos;0&apos;)" type="TypeError"><![CDATA[TypeError: Cannot read properties of undefined (reading '0')
    at C:\Users\gibintgeorge\Documents\fresco-node-serenade-last\node_modules\barrels\index.js:88:51
    at C:\Users\gibintgeorge\Documents\fresco-node-serenade-last\node_modules\async\lib\async.js:181:20
    at async.forEachOf.async.eachOf (node_modules\async\lib\async.js:233:13)
    at async.forEach.async.each (node_modules\async\lib\async.js:209:22)
    at C:\Users\gibintgeorge\Documents\fresco-node-serenade-last\node_modules\barrels\index.js:77:17
    at wrapper (node_modules\waterline\node_modules\lodash\index.js:3592:19)
    at applyInOriginalCtx (node_modules\waterline\lib\waterline\utils\normalize.js:421:80)
    at wrappedCallback (node_modules\waterline\lib\waterline\utils\normalize.js:324:18)
    at success (node_modules\waterline\node_modules\switchback\lib\normalize.js:33:31)
    at _switch (node_modules\waterline\node_modules\switchback\lib\factory.js:58:28)
    at returnResults (node_modules\waterline\lib\waterline\query\finders\basic.js:179:9)
    at C:\Users\gibintgeorge\Documents\fresco-node-serenade-last\node_modules\waterline\lib\waterline\query\finders\basic.js:86:16
    at C:\Users\gibintgeorge\Documents\fresco-node-serenade-last\node_modules\waterline\lib\waterline\query\finders\operations.js:83:7
    at C:\Users\gibintgeorge\Documents\fresco-node-serenade-last\node_modules\waterline\node_modules\async\lib\async.js:52:16
    at async.forEachOf.async.eachOf (node_modules\waterline\node_modules\async\lib\async.js:236:30)
    at async.forEach.async.each (node_modules\waterline\node_modules\async\lib\async.js:209:22)
    at C:\Users\gibintgeorge\Documents\fresco-node-serenade-last\node_modules\waterline\lib\waterline\query\finders\operations.js:436:11
    at C:\Users\gibintgeorge\Documents\fresco-node-serenade-last\node_modules\waterline\lib\waterline\query\finders\operations.js:574:5
    at C:\Users\gibintgeorge\Documents\fresco-node-serenade-last\node_modules\waterline\node_modules\async\lib\async.js:52:16
    at async.forEachOf.async.eachOf (node_modules\waterline\node_modules\async\lib\async.js:236:30)
    at async.forEach.async.each (node_modules\waterline\node_modules\async\lib\async.js:209:22)
    at module.exports._buildChildOpts (node_modules\waterline\lib\waterline\query\finders\operations.js:464:9)
    at module.exports._execChildOpts (node_modules\waterline\lib\waterline\query\finders\operations.js:432:8)
    at C:\Users\gibintgeorge\Documents\fresco-node-serenade-last\node_modules\waterline\lib\waterline\query\finders\operations.js:81:10
    at wrapper (node_modules\waterline\node_modules\lodash\index.js:3592:19)
    at applyInOriginalCtx (node_modules\waterline\lib\waterline\utils\normalize.js:421:80)
    at wrappedCallback (node_modules\waterline\lib\waterline\utils\normalize.js:324:18)
    at success (node_modules\waterline\node_modules\switchback\lib\normalize.js:33:31)
    at _switch (node_modules\waterline\node_modules\switchback\lib\factory.js:58:28)
    at C:\Users\gibintgeorge\Documents\fresco-node-serenade-last\node_modules\waterline\lib\waterline\adapter\dql.js:166:7
    at wrapper (node_modules\waterline\node_modules\lodash\index.js:3592:19)
    at applyInOriginalCtx (node_modules\waterline\lib\waterline\utils\normalize.js:421:80)
    at wrappedCallback (node_modules\waterline\lib\waterline\utils\normalize.js:324:18)
    at success (node_modules\waterline\node_modules\switchback\lib\normalize.js:33:31)
    at _switch (node_modules\waterline\node_modules\switchback\lib\factory.js:58:28)
    at Timeout._onTimeout (node_modules\sails-memory\lib\database.js:219:5)
    at listOnTimeout (node:internal/timers:564:17)
    at process.processTimers (node:internal/timers:507:7)]]></failure>
    </testcase>
  </testsuite>
</testsuites>