<?xml version="1.0" encoding="UTF-8"?>
<testsuites name="Mocha Tests" time="0.4820" tests="17" failures="2">
  <testsuite name="Root Suite" timestamp="2022-12-26T19:26:28" tests="0" time="0.0000" failures="0">
  </testsuite>
  <testsuite name="Accessories Controller" timestamp="2022-12-26T19:26:30" tests="9" file="C:\Users\gibintgeorge\Documents\fresco-node-serenade-last\test\controllers\AccessoriesController.test.js" time="0.2810" failures="0">
    <testcase name="Accessories Controller post /accessories" time="0.0610" classname="post /accessories">
    </testcase>
    <testcase name="Accessories Controller get /accessories" time="0.0550" classname="get /accessories">
    </testcase>
    <testcase name="Accessories Controller put /accessories" time="0.0270" classname="put /accessories">
    </testcase>
    <testcase name="Accessories Controller put /accessories invalid" time="0.0090" classname="put /accessories invalid">
    </testcase>
    <testcase name="Accessories Controller search /accessories" time="0.0220" classname="search /accessories">
    </testcase>
    <testcase name="Accessories Controller delete /accessories" time="0.0470" classname="delete /accessories">
    </testcase>
    <testcase name="Accessories Controller delete /accessories invalid id" time="0.0060" classname="delete /accessories invalid id">
    </testcase>
    <testcase name="Accessories Controller delete /accessories huge invalid id" time="0.0220" classname="delete /accessories huge invalid id">
    </testcase>
    <testcase name="Accessories Controller deleteAll /accessories" time="0.0320" classname="deleteAll /accessories">
    </testcase>
  </testsuite>
  <testsuite name="Car Controller" timestamp="2022-12-26T19:26:31" tests="4" file="C:\Users\gibintgeorge\Documents\fresco-node-serenade-last\test\controllers\CarsController.test.js" time="0.0820" failures="2">
    <testcase name="Car Controller post /car" time="0.0330" classname="post /car">
      <failure message="expected 200 &quot;OK&quot;, got 400 &quot;Bad Request&quot;" type="Error"><![CDATA[Error: expected 200 "OK", got 400 "Bad Request"
    at Test._assertStatus (node_modules\supertest\lib\test.js:268:12)
    at Test._assertFunction (node_modules\supertest\lib\test.js:283:11)
    at Test.assert (node_modules\supertest\lib\test.js:173:18)
    at Server.localAssert (node_modules\supertest\lib\test.js:131:12)
    at Object.onceWrapper (node:events:627:28)
    at Server.emit (node:events:513:28)
    at Server.emit (node:domain:489:12)
    at emitCloseNT (node:net:1880:8)
    at process.processTicksAndRejections (node:internal/process/task_queues:81:21)]]></failure>
    </testcase>
    <testcase name="Car Controller get /car" time="0.0420" classname="get /car">
    </testcase>
    <testcase name="Car Controller put /cars invalid" time="0.0070" classname="put /cars invalid">
    </testcase>
    <testcase name="Car Controller put /cars valid" time="0.0000" classname="put /cars valid">
      <failure message="Cannot read properties of undefined (reading &apos;length&apos;)" type="TypeError"><![CDATA[TypeError: Cannot read properties of undefined (reading 'length')
    at C:\Users\gibintgeorge\Documents\fresco-node-serenade-last\api\controllers\CarsController.js:35:16
    at C:\Users\gibintgeorge\Documents\fresco-node-serenade-last\node_modules\waterline\lib\waterline\query\dql\update.js:224:23
    at C:\Users\gibintgeorge\Documents\fresco-node-serenade-last\node_modules\async\lib\async.js:52:16
    at C:\Users\gibintgeorge\Documents\fresco-node-serenade-last\node_modules\async\lib\async.js:570:21
    at C:\Users\gibintgeorge\Documents\fresco-node-serenade-last\node_modules\async\lib\async.js:167:37
    at C:\Users\gibintgeorge\Documents\fresco-node-serenade-last\node_modules\waterline\lib\waterline\model\lib\defaultMethods\save.js:188:14
    at C:\Users\gibintgeorge\Documents\fresco-node-serenade-last\node_modules\async\lib\async.js:52:16
    at C:\Users\gibintgeorge\Documents\fresco-node-serenade-last\node_modules\async\lib\async.js:550:17
    at C:\Users\gibintgeorge\Documents\fresco-node-serenade-last\node_modules\async\lib\async.js:544:17
    at _arrayEach (node_modules\async\lib\async.js:85:13)
    at Immediate.taskComplete (node_modules\async\lib\async.js:543:13)
    at process.processImmediate (node:internal/timers:471:21)
    at process.topLevelDomainCallback (node:domain:161:15)
    at process.callbackTrampoline (node:internal/async_hooks:128:24)]]></failure>
    </testcase>
  </testsuite>
  <testsuite name="Accessories Controller" timestamp="2022-12-26T19:26:31" tests="1" file="C:\Users\gibintgeorge\Documents\fresco-node-serenade-last\test\controllers\ManufacturerController.test.js" time="0.0480" failures="0">
    <testcase name="Accessories Controller get /manufacturer" time="0.0480" classname="get /manufacturer">
    </testcase>
  </testsuite>
  <testsuite name="Segment Controller" timestamp="2022-12-26T19:26:31" tests="1" file="C:\Users\gibintgeorge\Documents\fresco-node-serenade-last\test\controllers\SegmentController.test.js" time="0.0440" failures="0">
    <testcase name="Segment Controller get /segment" time="0.0440" classname="get /segment">
    </testcase>
  </testsuite>
  <testsuite name="Accessories Controller" timestamp="2022-12-26T19:26:31" tests="1" file="C:\Users\gibintgeorge\Documents\fresco-node-serenade-last\test\controllers\VarientController.test.js" time="0.0130" failures="0">
    <testcase name="Accessories Controller get /variant" time="0.0130" classname="get /variant">
    </testcase>
  </testsuite>
  <testsuite name="Cars" timestamp="2022-12-26T19:26:31" tests="1" file="C:\Users\gibintgeorge\Documents\fresco-node-serenade-last\test\models\Cars.test.js" time="0.0140" failures="0">
    <testcase name="Cars should not be empty" time="0.0140" classname="should not be empty">
    </testcase>
  </testsuite>
</testsuites>